c:\users\jerem\source\repos\cis108_lab4_securitysystem\securitysystem\x64\debug\vc141.pdb
c:\users\jerem\source\repos\cis108_lab4_securitysystem\securitysystem\x64\debug\vc141.idb
c:\users\jerem\source\repos\cis108_lab4_securitysystem\securitysystem\x64\debug\windowsensor.obj
c:\users\jerem\source\repos\cis108_lab4_securitysystem\securitysystem\x64\debug\doorlock.obj
c:\users\jerem\source\repos\cis108_lab4_securitysystem\securitysystem\x64\debug\videodoorbell.obj
c:\users\jerem\source\repos\cis108_lab4_securitysystem\securitysystem\x64\debug\sensorinputtest.obj
c:\users\jerem\source\repos\cis108_lab4_securitysystem\securitysystem\x64\debug\securityalarm.obj
c:\users\jerem\source\repos\cis108_lab4_securitysystem\securitysystem\x64\debug\mobileappinterface.obj
c:\users\jerem\source\repos\cis108_lab4_securitysystem\securitysystem\x64\debug\main.obj
c:\users\jerem\source\repos\cis108_lab4_securitysystem\securitysystem\x64\debug\securitysystem.obj
c:\users\jerem\source\repos\cis108_lab4_securitysystem\x64\debug\securitysystem.exe
c:\users\jerem\source\repos\cis108_lab4_securitysystem\x64\debug\securitysystem.ilk
c:\users\jerem\source\repos\cis108_lab4_securitysystem\x64\debug\securitysystem.pdb
c:\users\jerem\source\repos\cis108_lab4_securitysystem\securitysystem\x64\debug\securitysystem.obj.enc
c:\users\jerem\source\repos\cis108_lab4_securitysystem\securitysystem\x64\debug\securitysystem.tlog\cl.command.1.tlog
c:\users\jerem\source\repos\cis108_lab4_securitysystem\securitysystem\x64\debug\securitysystem.tlog\cl.read.1.tlog
c:\users\jerem\source\repos\cis108_lab4_securitysystem\securitysystem\x64\debug\securitysystem.tlog\cl.write.1.tlog
c:\users\jerem\source\repos\cis108_lab4_securitysystem\securitysystem\x64\debug\securitysystem.tlog\link.command.1.tlog
c:\users\jerem\source\repos\cis108_lab4_securitysystem\securitysystem\x64\debug\securitysystem.tlog\link.read.1.tlog
c:\users\jerem\source\repos\cis108_lab4_securitysystem\securitysystem\x64\debug\securitysystem.tlog\link.write.1.tlog
